ISim log file
Running: J:\Documents\320\Lab9\Lab9\rx_testbench_isim_beh.exe -intstyle ise -gui -tclbatch isim.cmd -wdb J:/Documents/320/Lab9/Lab9/rx_testbench_isim_beh.wdb 
ISim P.15xf (signature 0xc3576ebc)
This is a Full version of ISim.
Time resolution is 1 ps
# onerror resume
# wave add /
# run 1000 ns
Simulator is doing circuit initialization process.
--- Begin with all signals uninitialized --- at 0 ns
Finished circuit initialization process.
--- Start the clock, other signals uninitialized --- at 500 ns
# run 1ms
--- Release Reset --- at 4000 ns
--- Test #1 --- at 5000 ns
Successfully received the following byte:01010101
# run 1ms
Successfully received the following byte:10101010
Successfully received the following byte:11111111
# run 1ms
Successfully received the following byte:00000000
--- Test #3 --- at 2817409.999 ns
# run 1ms
--- Test #4 --- at 3702826.66 ns
# run 1ms
--- Test #5 --- at 4381909.989 ns
--- Test Done --- at 4954886.663 ns
